<?xml version="1.0" encoding="UTF-8"?>
<testng-results ignored="0" total="4" passed="3" failed="1" skipped="0">
  <reporter-output>
  </reporter-output>
  <suite started-at="2020-06-19T16:16:36 BST" name="Default suite" finished-at="2020-06-19T16:17:48 BST" duration-ms="71855">
    <groups>
    </groups>
    <test started-at="2020-06-19T16:16:36 BST" name="Default test" finished-at="2020-06-19T16:17:48 BST" duration-ms="71855">
      <class name="com.autopractice.testcases.HomePageTest">
        <test-method is-config="true" signature="setUp()[pri:0, instance:com.autopractice.testcases.HomePageTest@5276e6b0]" started-at="2020-06-19T16:16:36 BST" name="setUp" finished-at="2020-06-19T16:16:53 BST" duration-ms="17600" status="PASS">
          <reporter-output>
          </reporter-output>
        </test-method> <!-- setUp -->
        <test-method signature="VerifyLogedUserTest()[pri:0, instance:com.autopractice.testcases.HomePageTest@5276e6b0]" started-at="2020-06-19T16:16:53 BST" name="VerifyLogedUserTest" finished-at="2020-06-19T16:16:54 BST" duration-ms="37" status="PASS">
          <reporter-output>
          </reporter-output>
        </test-method> <!-- VerifyLogedUserTest -->
        <test-method is-config="true" signature="tearDown()[pri:0, instance:com.autopractice.testcases.HomePageTest@5276e6b0]" started-at="2020-06-19T16:16:54 BST" name="tearDown" finished-at="2020-06-19T16:16:54 BST" duration-ms="679" status="PASS">
          <reporter-output>
          </reporter-output>
        </test-method> <!-- tearDown -->
        <test-method is-config="true" signature="setUp()[pri:0, instance:com.autopractice.testcases.HomePageTest@5276e6b0]" started-at="2020-06-19T16:16:54 BST" name="setUp" finished-at="2020-06-19T16:17:10 BST" duration-ms="15415" status="PASS">
          <reporter-output>
          </reporter-output>
        </test-method> <!-- setUp -->
        <test-method signature="verifyDressesPageTest()[pri:0, instance:com.autopractice.testcases.HomePageTest@5276e6b0]" started-at="2020-06-19T16:17:10 BST" name="verifyDressesPageTest" finished-at="2020-06-19T16:17:12 BST" duration-ms="1922" status="PASS">
          <reporter-output>
          </reporter-output>
        </test-method> <!-- verifyDressesPageTest -->
        <test-method is-config="true" signature="tearDown()[pri:0, instance:com.autopractice.testcases.HomePageTest@5276e6b0]" started-at="2020-06-19T16:17:12 BST" name="tearDown" finished-at="2020-06-19T16:17:12 BST" duration-ms="671" status="PASS">
          <reporter-output>
          </reporter-output>
        </test-method> <!-- tearDown -->
        <test-method is-config="true" signature="setUp()[pri:0, instance:com.autopractice.testcases.HomePageTest@5276e6b0]" started-at="2020-06-19T16:17:12 BST" name="setUp" finished-at="2020-06-19T16:17:28 BST" duration-ms="15942" status="PASS">
          <reporter-output>
          </reporter-output>
        </test-method> <!-- setUp -->
        <test-method signature="verifyWomenPageTest()[pri:0, instance:com.autopractice.testcases.HomePageTest@5276e6b0]" started-at="2020-06-19T16:17:28 BST" name="verifyWomenPageTest" finished-at="2020-06-19T16:17:30 BST" duration-ms="1907" status="PASS">
          <reporter-output>
          </reporter-output>
        </test-method> <!-- verifyWomenPageTest -->
        <test-method is-config="true" signature="tearDown()[pri:0, instance:com.autopractice.testcases.HomePageTest@5276e6b0]" started-at="2020-06-19T16:17:30 BST" name="tearDown" finished-at="2020-06-19T16:17:31 BST" duration-ms="676" status="PASS">
          <reporter-output>
          </reporter-output>
        </test-method> <!-- tearDown -->
        <test-method is-config="true" signature="setUp()[pri:0, instance:com.autopractice.testcases.HomePageTest@5276e6b0]" started-at="2020-06-19T16:17:31 BST" name="setUp" finished-at="2020-06-19T16:17:47 BST" duration-ms="16290" status="PASS">
          <reporter-output>
          </reporter-output>
        </test-method> <!-- setUp -->
        <test-method signature="verifyHomePageTitleTest()[pri:1, instance:com.autopractice.testcases.HomePageTest@5276e6b0]" started-at="2020-06-19T16:17:47 BST" name="verifyHomePageTitleTest" finished-at="2020-06-19T16:17:47 BST" duration-ms="9" status="FAIL">
          <exception class="java.lang.AssertionError">
            <message>
              <![CDATA[HomePage title not matched! expected [My account - My Store1] but found [My account - My Store]]]>
            </message>
            <full-stacktrace>
              <![CDATA[java.lang.AssertionError: HomePage title not matched! expected [My account - My Store1] but found [My account - My Store]
at org.testng.Assert.fail(Assert.java:97)
at org.testng.Assert.assertEqualsImpl(Assert.java:136)
at org.testng.Assert.assertEquals(Assert.java:118)
at org.testng.Assert.assertEquals(Assert.java:575)
at com.autopractice.testcases.HomePageTest.verifyHomePageTitleTest(HomePageTest.java:39)
at java.base/jdk.internal.reflect.NativeMethodAccessorImpl.invoke0(Native Method)
at java.base/jdk.internal.reflect.NativeMethodAccessorImpl.invoke(NativeMethodAccessorImpl.java:62)
at java.base/jdk.internal.reflect.DelegatingMethodAccessorImpl.invoke(DelegatingMethodAccessorImpl.java:43)
at java.base/java.lang.reflect.Method.invoke(Method.java:567)
at org.testng.internal.MethodInvocationHelper.invokeMethod(MethodInvocationHelper.java:134)
at org.testng.internal.TestInvoker.invokeMethod(TestInvoker.java:597)
at org.testng.internal.TestInvoker.invokeTestMethod(TestInvoker.java:173)
at org.testng.internal.MethodRunner.runInSequence(MethodRunner.java:46)
at org.testng.internal.TestInvoker$MethodInvocationAgent.invoke(TestInvoker.java:816)
at org.testng.internal.TestInvoker.invokeTestMethods(TestInvoker.java:146)
at org.testng.internal.TestMethodWorker.invokeTestMethods(TestMethodWorker.java:146)
at org.testng.internal.TestMethodWorker.run(TestMethodWorker.java:128)
at java.base/java.util.ArrayList.forEach(ArrayList.java:1507)
at org.testng.TestRunner.privateRun(TestRunner.java:766)
at org.testng.TestRunner.run(TestRunner.java:587)
at org.testng.SuiteRunner.runTest(SuiteRunner.java:384)
at org.testng.SuiteRunner.runSequentially(SuiteRunner.java:378)
at org.testng.SuiteRunner.privateRun(SuiteRunner.java:337)
at org.testng.SuiteRunner.run(SuiteRunner.java:286)
at org.testng.SuiteRunnerWorker.runSuite(SuiteRunnerWorker.java:53)
at org.testng.SuiteRunnerWorker.run(SuiteRunnerWorker.java:96)
at org.testng.TestNG.runSuitesSequentially(TestNG.java:1187)
at org.testng.TestNG.runSuitesLocally(TestNG.java:1109)
at org.testng.TestNG.runSuites(TestNG.java:1039)
at org.testng.TestNG.run(TestNG.java:1007)
at org.testng.remote.AbstractRemoteTestNG.run(AbstractRemoteTestNG.java:115)
at org.testng.remote.RemoteTestNG.initAndRun(RemoteTestNG.java:251)
at org.testng.remote.RemoteTestNG.main(RemoteTestNG.java:77)
]]>
            </full-stacktrace>
          </exception> <!-- java.lang.AssertionError -->
          <reporter-output>
          </reporter-output>
        </test-method> <!-- verifyHomePageTitleTest -->
        <test-method is-config="true" signature="tearDown()[pri:0, instance:com.autopractice.testcases.HomePageTest@5276e6b0]" started-at="2020-06-19T16:17:47 BST" name="tearDown" finished-at="2020-06-19T16:17:48 BST" duration-ms="665" status="PASS">
          <reporter-output>
          </reporter-output>
        </test-method> <!-- tearDown -->
      </class> <!-- com.autopractice.testcases.HomePageTest -->
    </test> <!-- Default test -->
  </suite> <!-- Default suite -->
</testng-results>
